2025-07-16 15:07:10,106 [INFO] Aplikace spuštěna
2025-07-16 15:07:10,106 [INFO] Zobrazení domovské obrazovky
2025-07-16 15:07:13,655 [INFO] Klik: Manuální ovládání
2025-07-16 15:07:13,667 [INFO] Kliknutí na manuální řízení
2025-07-16 15:07:24,327 [INFO] Zavírám sériový port CNC
2025-07-16 15:37:55,930 [INFO] Aplikace spuštěna
2025-07-16 15:37:55,930 [INFO] Zobrazení domovské obrazovky
2025-07-16 15:38:24,530 [INFO] Klik: Manuální ovládání
2025-07-16 15:38:24,537 [INFO] Kliknutí na manuální řízení
2025-07-16 15:39:02,456 [INFO] Zavírám sériový port CNC
2025-07-17 08:51:35,999 [INFO] Aplikace spuštěna
2025-07-17 08:51:35,999 [INFO] Zobrazení domovské obrazovky
2025-07-17 08:51:39,653 [INFO] Klik: Manuální ovládání
2025-07-17 08:51:39,661 [INFO] Kliknutí na manuální řízení
2025-07-17 08:52:04,946 [INFO] Zavírám sériový port CNC
2025-07-17 09:00:37,177 [INFO] Aplikace spuštěna
2025-07-17 09:00:37,177 [INFO] Zobrazení domovské obrazovky
2025-07-17 09:00:43,045 [INFO] Klik: Manuální ovládání
2025-07-17 09:00:43,051 [INFO] Kliknutí na manuální řízení
2025-07-17 09:00:48,749 [INFO] Zavírám sériový port CNC
2025-07-17 09:01:04,828 [INFO] Aplikace spuštěna
2025-07-17 09:01:04,828 [INFO] Zobrazení domovské obrazovky
2025-07-17 09:01:06,757 [INFO] Klik: Manuální ovládání
2025-07-17 09:01:06,762 [INFO] Kliknutí na manuální řízení
2025-07-17 09:01:14,998 [INFO] Zavírám sériový port CNC
2025-07-17 09:01:35,297 [INFO] Aplikace spuštěna
2025-07-17 09:01:35,298 [INFO] Zobrazení domovské obrazovky
2025-07-17 09:01:39,237 [INFO] Klik: Manuální ovládání
2025-07-17 09:01:39,243 [INFO] Kliknutí na manuální řízení
2025-07-17 09:02:18,091 [INFO] Zavírám sériový port CNC
2025-07-17 09:46:37,068 [INFO] Aplikace spuštěna
2025-07-17 09:46:37,069 [INFO] Zobrazení domovské obrazovky
2025-07-17 09:46:40,491 [INFO] Klik: Otevřít měření
2025-07-17 09:46:40,496 [INFO] Zobrazení seznamu všech projektů
2025-07-17 09:46:48,745 [INFO] Zobrazení domovské obrazovky
2025-07-17 09:46:50,331 [INFO] Klik: Nové měření
2025-07-17 09:46:55,719 [INFO] Vytvořena složka projektu: projects\2025_07_17_09_46_k
2025-07-17 09:47:01,297 [INFO] Načten EAN kód: sdqr1fq
2025-07-17 09:47:24,036 [INFO] Zobrazení domovské obrazovky
2025-07-17 09:47:26,686 [INFO] Zavírám sériový port CNC
2025-07-17 10:18:01,207 [INFO] Aplikace spuštěna
2025-07-17 10:18:01,208 [INFO] Zobrazení domovské obrazovky
2025-07-17 10:18:05,941 [INFO] Klik: Manuální ovládání
2025-07-17 10:18:05,947 [INFO] Kliknutí na manuální řízení
2025-07-17 10:32:14,503 [INFO] Aplikace spuštěna
2025-07-17 10:32:14,504 [INFO] Zobrazení domovské obrazovky
2025-07-17 10:32:17,339 [INFO] Klik: Manuální ovládání
2025-07-17 10:32:17,345 [INFO] Kliknutí na manuální řízení
2025-07-17 10:32:24,711 [INFO] Zavírám sériový port CNC
2025-07-17 10:33:18,581 [INFO] Aplikace spuštěna
2025-07-17 10:33:18,582 [INFO] Zobrazení domovské obrazovky
2025-07-17 10:33:23,651 [INFO] Klik: Manuální ovládání
2025-07-17 10:33:23,658 [INFO] Kliknutí na manuální řízení
2025-07-17 10:33:27,843 [INFO] Zavírám sériový port CNC
2025-07-17 10:36:06,770 [INFO] Aplikace spuštěna
2025-07-17 10:36:06,770 [INFO] Zobrazení domovské obrazovky
2025-07-17 10:36:08,444 [INFO] Klik: Manuální ovládání
2025-07-17 10:36:08,450 [INFO] Kliknutí na manuální řízení
2025-07-17 10:38:02,760 [INFO] Zavírám sériový port CNC
2025-07-17 10:39:23,513 [INFO] Aplikace spuštěna
2025-07-17 10:39:23,513 [INFO] Zobrazení domovské obrazovky
2025-07-17 10:39:25,478 [INFO] Klik: Manuální ovládání
2025-07-17 10:39:25,484 [INFO] Kliknutí na manuální řízení
2025-07-17 10:39:55,372 [INFO] Zavírám sériový port CNC
2025-07-17 10:42:20,481 [INFO] Aplikace spuštěna
2025-07-17 10:42:20,481 [INFO] Zobrazení domovské obrazovky
2025-07-17 10:42:23,682 [INFO] Klik: Manuální ovládání
2025-07-17 10:42:23,688 [INFO] Kliknutí na manuální řízení
2025-07-17 10:42:31,975 [INFO] Zobrazení domovské obrazovky
2025-07-17 10:42:33,812 [INFO] Klik: Manuální ovládání
2025-07-17 10:42:33,818 [INFO] Kliknutí na manuální řízení
2025-07-17 10:42:35,572 [INFO] Zobrazení domovské obrazovky
2025-07-17 10:42:37,322 [INFO] Klik: Nastavení
2025-07-17 10:42:37,330 [INFO] Kliknutí na nastavení
2025-07-17 10:43:07,462 [INFO] Nastavení uložena
2025-07-17 10:43:08,637 [INFO] Zavírám sériový port CNC
2025-07-17 10:43:50,398 [INFO] Aplikace spuštěna
2025-07-17 10:43:50,398 [INFO] Zobrazení domovské obrazovky
2025-07-17 10:43:58,204 [INFO] Klik: Manuální ovládání
2025-07-17 10:43:58,211 [INFO] Kliknutí na manuální řízení
2025-07-17 10:46:23,131 [INFO] Aplikace spuštěna
2025-07-17 10:46:23,131 [INFO] Zobrazení domovské obrazovky
2025-07-17 10:46:26,426 [INFO] Klik: Manuální ovládání
2025-07-17 10:46:26,432 [INFO] Kliknutí na manuální řízení
2025-07-17 10:46:29,390 [INFO] Zavírám sériový port CNC
2025-07-17 10:46:56,926 [INFO] Aplikace spuštěna
2025-07-17 10:46:56,926 [INFO] Zobrazení domovské obrazovky
2025-07-17 10:46:58,648 [INFO] Klik: Manuální ovládání
2025-07-17 10:46:58,653 [INFO] Kliknutí na manuální řízení
2025-07-17 10:47:52,281 [INFO] Zobrazení domovské obrazovky
2025-07-17 10:47:53,696 [INFO] Zavírám sériový port CNC
2025-07-17 11:00:09,910 [INFO] Aplikace spuštěna
2025-07-17 11:00:09,911 [INFO] Zobrazení domovské obrazovky
2025-07-17 11:00:21,099 [INFO] Zavírám sériový port CNC
2025-07-17 11:01:06,245 [INFO] Aplikace spuštěna
2025-07-17 11:01:06,245 [INFO] Zobrazení domovské obrazovky
2025-07-17 11:01:09,085 [INFO] Klik: Manuální ovládání
2025-07-17 11:01:09,095 [INFO] Kliknutí na manuální řízení
2025-07-17 11:03:47,916 [INFO] Aplikace spuštěna
2025-07-17 11:03:47,916 [INFO] Zobrazení domovské obrazovky
2025-07-17 11:03:50,267 [INFO] Klik: Manuální ovládání
2025-07-17 11:03:50,275 [INFO] Kliknutí na manuální řízení
2025-07-17 11:05:21,774 [INFO] Aplikace spuštěna
2025-07-17 11:05:21,774 [INFO] Zobrazení domovské obrazovky
2025-07-17 11:05:24,589 [INFO] Klik: Manuální ovládání
2025-07-17 11:05:24,598 [INFO] Kliknutí na manuální řízení
2025-07-17 11:06:21,609 [INFO] Aplikace spuštěna
2025-07-17 11:06:21,609 [INFO] Zobrazení domovské obrazovky
2025-07-17 11:06:24,351 [INFO] Klik: Manuální ovládání
2025-07-17 11:06:24,359 [INFO] Kliknutí na manuální řízení
2025-07-17 11:07:38,122 [INFO] Aplikace spuštěna
2025-07-17 11:07:38,122 [INFO] Zobrazení domovské obrazovky
2025-07-17 11:07:40,742 [INFO] Klik: Manuální ovládání
2025-07-17 11:07:40,750 [INFO] Kliknutí na manuální řízení
2025-07-17 11:08:06,688 [INFO] Zavírám sériový port CNC
2025-07-17 11:08:51,090 [INFO] Aplikace spuštěna
2025-07-17 11:08:51,091 [INFO] Zobrazení domovské obrazovky
2025-07-17 11:08:55,133 [INFO] Klik: Manuální ovládání
2025-07-17 11:08:55,141 [INFO] Kliknutí na manuální řízení
2025-07-17 11:09:20,796 [INFO] Zobrazení domovské obrazovky
2025-07-17 11:09:23,074 [INFO] Zavírám sériový port CNC
2025-07-17 11:11:43,791 [INFO] Aplikace spuštěna
2025-07-17 11:11:43,791 [INFO] Zobrazení domovské obrazovky
2025-07-17 11:11:47,957 [INFO] Klik: Manuální ovládání
2025-07-17 11:11:47,966 [INFO] Kliknutí na manuální řízení
2025-07-17 11:14:32,159 [INFO] Aplikace spuštěna
2025-07-17 11:14:32,159 [INFO] Zobrazení domovské obrazovky
2025-07-17 11:14:35,780 [INFO] Klik: Manuální ovládání
2025-07-17 11:14:35,789 [INFO] Kliknutí na manuální řízení
2025-07-17 11:16:13,083 [INFO] Aplikace spuštěna
2025-07-17 11:16:13,083 [INFO] Zobrazení domovské obrazovky
2025-07-17 11:16:15,163 [INFO] Klik: Manuální ovládání
2025-07-17 11:16:15,171 [INFO] Kliknutí na manuální řízení
2025-07-17 11:17:16,947 [INFO] Zobrazení domovské obrazovky
2025-07-17 11:17:20,974 [INFO] Zavírám sériový port CNC
2025-07-17 11:17:34,106 [INFO] Aplikace spuštěna
2025-07-17 11:17:34,107 [INFO] Zobrazení domovské obrazovky
2025-07-17 11:17:36,424 [INFO] Klik: Manuální ovládání
2025-07-17 11:17:36,435 [INFO] Kliknutí na manuální řízení
2025-07-17 11:17:49,958 [INFO] Zavírám sériový port CNC
2025-07-17 11:18:01,302 [INFO] Aplikace spuštěna
2025-07-17 11:18:01,302 [INFO] Zobrazení domovské obrazovky
2025-07-17 11:18:03,364 [INFO] Klik: Manuální ovládání
2025-07-17 11:18:03,373 [INFO] Kliknutí na manuální řízení
2025-07-17 11:18:40,170 [INFO] Zobrazení domovské obrazovky
2025-07-17 11:18:41,365 [INFO] Klik: Manuální ovládání
2025-07-17 11:18:41,373 [INFO] Kliknutí na manuální řízení
2025-07-17 11:18:42,961 [INFO] Zobrazení domovské obrazovky
2025-07-17 11:23:09,613 [INFO] Aplikace spuštěna
2025-07-17 11:23:09,614 [INFO] Zobrazení domovské obrazovky
2025-07-17 11:23:17,040 [INFO] Klik: Manuální ovládání
2025-07-17 11:23:17,050 [INFO] Kliknutí na manuální řízení
2025-07-17 11:23:22,387 [INFO] Zavírám sériový port CNC
2025-07-17 11:24:07,062 [INFO] Aplikace spuštěna
2025-07-17 11:24:07,062 [INFO] Zobrazení domovské obrazovky
2025-07-17 11:24:09,522 [INFO] Klik: Manuální ovládání
2025-07-17 11:24:09,529 [INFO] Kliknutí na manuální řízení
2025-07-17 11:26:51,092 [INFO] Aplikace spuštěna
2025-07-17 11:26:51,093 [INFO] Zobrazení domovské obrazovky
2025-07-17 11:26:53,445 [INFO] Klik: Manuální ovládání
2025-07-17 11:26:53,454 [INFO] Kliknutí na manuální řízení
2025-07-17 11:27:25,177 [INFO] Aplikace spuštěna
2025-07-17 11:27:25,177 [INFO] Zobrazení domovské obrazovky
2025-07-17 11:27:28,775 [INFO] Klik: Manuální ovládání
2025-07-17 11:27:28,784 [INFO] Kliknutí na manuální řízení
2025-07-17 11:29:22,253 [INFO] Aplikace spuštěna
2025-07-17 11:29:22,253 [INFO] Zobrazení domovské obrazovky
2025-07-17 11:29:24,388 [INFO] Klik: Manuální ovládání
2025-07-17 11:29:24,396 [INFO] Kliknutí na manuální řízení
2025-07-17 11:29:52,541 [INFO] Zobrazení domovské obrazovky
2025-07-17 11:29:54,420 [INFO] Zavírám sériový port CNC
2025-07-17 11:32:19,077 [INFO] Aplikace spuštěna
2025-07-17 11:32:19,077 [INFO] Zobrazení domovské obrazovky
2025-07-17 11:32:21,641 [INFO] Klik: Manuální ovládání
2025-07-17 11:32:21,650 [INFO] Kliknutí na manuální řízení
2025-07-17 11:34:35,997 [INFO] Aplikace spuštěna
2025-07-17 11:34:35,997 [INFO] Zobrazení domovské obrazovky
2025-07-17 11:34:39,354 [INFO] Klik: Manuální ovládání
2025-07-17 11:34:39,361 [INFO] Kliknutí na manuální řízení
2025-07-17 11:35:28,678 [INFO] Aplikace spuštěna
2025-07-17 11:35:28,678 [INFO] Zobrazení domovské obrazovky
2025-07-17 11:35:32,605 [INFO] Klik: Manuální ovládání
2025-07-17 11:35:32,614 [INFO] Kliknutí na manuální řízení
2025-07-17 11:36:00,939 [INFO] Zobrazení domovské obrazovky
2025-07-17 11:36:01,863 [INFO] Zavírám sériový port CNC
2025-07-17 11:42:05,739 [INFO] Aplikace spuštěna
2025-07-17 11:42:05,739 [INFO] Zobrazení domovské obrazovky
2025-07-17 11:42:08,672 [INFO] Zavírám sériový port CNC
2025-07-17 11:42:40,951 [INFO] Aplikace spuštěna
2025-07-17 11:42:40,951 [INFO] Zobrazení domovské obrazovky
2025-07-17 11:42:43,585 [INFO] Klik: Manuální ovládání
2025-07-17 11:42:43,594 [INFO] Kliknutí na manuální řízení
2025-07-17 11:43:04,092 [INFO] Zavírám sériový port CNC
2025-07-17 12:35:33,169 [INFO] Aplikace spuštěna
2025-07-17 12:35:33,170 [INFO] Zobrazení domovské obrazovky
2025-07-17 12:35:46,203 [INFO] Klik: Manuální ovládání
2025-07-17 12:35:46,210 [INFO] Kliknutí na manuální řízení
2025-07-17 12:36:26,600 [INFO] Zobrazení domovské obrazovky
2025-07-17 12:36:36,402 [INFO] Klik: Manuální ovládání
2025-07-17 12:36:36,411 [INFO] Kliknutí na manuální řízení
2025-07-17 12:36:42,798 [INFO] Zobrazení domovské obrazovky
2025-07-17 12:36:44,174 [INFO] Klik: Manuální ovládání
2025-07-17 12:36:44,184 [INFO] Kliknutí na manuální řízení
2025-07-17 12:36:49,998 [INFO] Zobrazení domovské obrazovky
2025-07-17 12:36:50,817 [INFO] Zavírám sériový port CNC
2025-07-17 12:38:30,386 [INFO] Aplikace spuštěna
2025-07-17 12:38:30,387 [INFO] Zobrazení domovské obrazovky
2025-07-17 12:38:32,975 [INFO] Klik: Nové měření
2025-07-17 12:38:37,102 [INFO] Vytvořena složka projektu: projects\2025_07_17_12_38_hgfsgh
2025-07-17 12:40:01,544 [INFO] Zobrazení domovské obrazovky
2025-07-17 12:40:02,261 [INFO] Zavírám sériový port CNC
2025-07-17 12:44:03,243 [INFO] Aplikace spuštěna
2025-07-17 12:44:03,244 [INFO] Zobrazení domovské obrazovky
2025-07-17 12:44:10,869 [INFO] Klik: Manuální ovládání
2025-07-17 12:44:10,877 [INFO] Kliknutí na manuální řízení
2025-07-17 12:44:17,447 [INFO] Zavírám sériový port CNC
2025-07-17 12:45:00,415 [INFO] Aplikace spuštěna
2025-07-17 12:45:00,415 [INFO] Zobrazení domovské obrazovky
2025-07-17 12:45:02,890 [INFO] Klik: Manuální ovládání
2025-07-17 12:45:02,898 [INFO] Kliknutí na manuální řízení
2025-07-17 12:48:31,093 [INFO] Aplikace spuštěna
2025-07-17 12:48:31,093 [INFO] Zobrazení domovské obrazovky
2025-07-17 12:48:33,685 [INFO] Klik: Manuální ovládání
2025-07-17 12:48:33,694 [INFO] Kliknutí na manuální řízení
2025-07-17 12:49:05,412 [INFO] Zavírám sériový port CNC
2025-07-17 12:51:57,848 [INFO] Aplikace spuštěna
2025-07-17 12:51:57,848 [INFO] Zobrazení domovské obrazovky
2025-07-17 12:52:00,149 [INFO] Klik: Manuální ovládání
2025-07-17 12:52:00,156 [INFO] Kliknutí na manuální řízení
2025-07-17 12:52:29,509 [INFO] Zavírám sériový port CNC
2025-07-17 12:56:41,885 [INFO] Aplikace spuštěna
2025-07-17 12:56:41,886 [INFO] Zobrazení domovské obrazovky
2025-07-17 12:56:45,403 [INFO] Klik: Manuální ovládání
2025-07-17 12:56:45,410 [INFO] Kliknutí na manuální řízení
2025-07-17 12:56:58,416 [INFO] Zavírám sériový port CNC
2025-07-17 12:57:57,788 [INFO] Aplikace spuštěna
2025-07-17 12:57:57,788 [INFO] Zobrazení domovské obrazovky
2025-07-17 12:58:00,106 [INFO] Klik: Manuální ovládání
2025-07-17 12:58:00,111 [INFO] Kliknutí na manuální řízení
2025-07-17 12:58:07,392 [INFO] Zavírám sériový port CNC
2025-07-17 13:00:38,348 [INFO] Aplikace spuštěna
2025-07-17 13:00:38,348 [INFO] Zobrazení domovské obrazovky
2025-07-17 13:00:41,108 [INFO] Klik: Manuální ovládání
2025-07-17 13:00:41,114 [INFO] Kliknutí na manuální řízení
2025-07-17 13:01:41,500 [INFO] Zavírám sériový port CNC
2025-07-17 13:02:06,734 [INFO] Aplikace spuštěna
2025-07-17 13:02:06,734 [INFO] Zobrazení domovské obrazovky
2025-07-17 13:02:09,901 [INFO] Klik: Manuální ovládání
2025-07-17 13:02:09,907 [INFO] Kliknutí na manuální řízení
2025-07-17 13:02:46,131 [INFO] Zavírám sériový port CNC
2025-07-17 13:03:00,868 [INFO] Aplikace spuštěna
2025-07-17 13:03:00,868 [INFO] Zobrazení domovské obrazovky
2025-07-17 13:03:04,601 [INFO] Klik: Manuální ovládání
2025-07-17 13:03:04,607 [INFO] Kliknutí na manuální řízení
2025-07-17 13:04:07,241 [INFO] Aplikace spuštěna
2025-07-17 13:04:07,242 [INFO] Zobrazení domovské obrazovky
2025-07-17 13:04:10,152 [INFO] Klik: Manuální ovládání
2025-07-17 13:04:10,158 [INFO] Kliknutí na manuální řízení
2025-07-17 13:04:37,677 [INFO] Zavírám sériový port CNC
2025-07-17 13:06:44,708 [INFO] Aplikace spuštěna
2025-07-17 13:06:44,708 [INFO] Zobrazení domovské obrazovky
2025-07-17 13:06:46,295 [INFO] Klik: Manuální ovládání
2025-07-17 13:06:46,302 [INFO] Kliknutí na manuální řízení
2025-07-17 13:07:25,651 [INFO] Zavírám sériový port CNC
2025-07-17 13:14:25,009 [INFO] Aplikace spuštěna
2025-07-17 13:14:25,010 [INFO] Zobrazení domovské obrazovky
2025-07-17 13:14:28,135 [INFO] Klik: Manuální ovládání
2025-07-17 13:14:28,141 [INFO] Kliknutí na manuální řízení
2025-07-17 13:14:56,200 [INFO] Zavírám sériový port CNC
2025-07-17 13:17:38,342 [INFO] Aplikace spuštěna
2025-07-17 13:17:38,342 [INFO] Zobrazení domovské obrazovky
2025-07-17 13:17:40,329 [INFO] Klik: Manuální ovládání
2025-07-17 13:17:40,335 [INFO] Kliknutí na manuální řízení
2025-07-17 13:20:28,819 [INFO] Aplikace spuštěna
2025-07-17 13:20:28,820 [INFO] Zobrazení domovské obrazovky
2025-07-17 13:20:30,483 [INFO] Klik: Manuální ovládání
2025-07-17 13:20:30,489 [INFO] Kliknutí na manuální řízení
2025-07-17 13:21:06,626 [INFO] Zobrazení domovské obrazovky
2025-07-17 13:21:14,984 [INFO] Zavírám sériový port CNC
2025-07-17 13:21:39,860 [INFO] Aplikace spuštěna
2025-07-17 13:21:39,860 [INFO] Zobrazení domovské obrazovky
2025-07-17 13:21:42,364 [INFO] Klik: Nastavení
2025-07-17 13:21:42,371 [INFO] Kliknutí na nastavení
2025-07-17 13:22:24,143 [INFO] Nastavení uložena
2025-07-17 13:22:26,008 [INFO] Zavírám sériový port CNC
2025-07-17 13:22:31,155 [INFO] Aplikace spuštěna
2025-07-17 13:22:31,155 [INFO] Zobrazení domovské obrazovky
2025-07-17 13:22:32,916 [INFO] Klik: Manuální ovládání
2025-07-17 13:22:32,922 [INFO] Kliknutí na manuální řízení
2025-07-17 13:22:53,418 [INFO] Zavírám sériový port CNC
2025-07-17 13:25:48,572 [INFO] Aplikace spuštěna
2025-07-17 13:25:48,573 [INFO] Zobrazení domovské obrazovky
2025-07-17 13:25:51,280 [INFO] Klik: Manuální ovládání
2025-07-17 13:25:51,287 [INFO] Kliknutí na manuální řízení
2025-07-17 13:26:32,703 [INFO] Zavírám sériový port CNC
2025-07-17 13:32:25,777 [INFO] Aplikace spuštěna
2025-07-17 13:32:25,778 [INFO] Zobrazení domovské obrazovky
2025-07-17 13:32:27,947 [INFO] Klik: Nastavení
2025-07-17 13:32:27,953 [INFO] Kliknutí na nastavení
2025-07-17 13:32:52,163 [INFO] Nastavení uložena
2025-07-17 13:32:57,415 [INFO] Zavírám sériový port CNC
2025-07-17 13:33:07,470 [INFO] Aplikace spuštěna
2025-07-17 13:33:07,470 [INFO] Zobrazení domovské obrazovky
2025-07-17 13:33:09,268 [INFO] Klik: Manuální ovládání
2025-07-17 13:33:09,273 [INFO] Kliknutí na manuální řízení
2025-07-17 13:33:52,053 [INFO] Aplikace spuštěna
2025-07-17 13:33:52,054 [INFO] Zobrazení domovské obrazovky
2025-07-17 13:33:55,199 [INFO] Klik: Manuální ovládání
2025-07-17 13:33:55,205 [INFO] Kliknutí na manuální řízení
2025-07-17 13:34:45,393 [INFO] Zavírám sériový port CNC
2025-07-17 13:36:24,600 [INFO] Aplikace spuštěna
2025-07-17 13:36:24,601 [INFO] Zobrazení domovské obrazovky
2025-07-17 13:36:26,792 [INFO] Klik: Manuální ovládání
2025-07-17 13:36:26,797 [INFO] Kliknutí na manuální řízení
2025-07-17 13:36:39,205 [INFO] Zavírám sériový port CNC
2025-07-17 13:40:36,323 [INFO] Aplikace spuštěna
2025-07-17 13:40:36,323 [INFO] Zobrazení domovské obrazovky
2025-07-17 13:40:38,377 [INFO] Klik: Manuální ovládání
2025-07-17 13:40:38,383 [INFO] Kliknutí na manuální řízení
2025-07-17 13:40:50,709 [INFO] Zavírám sériový port CNC
2025-07-17 13:42:41,130 [INFO] Aplikace spuštěna
2025-07-17 13:42:41,130 [INFO] Zobrazení domovské obrazovky
2025-07-17 13:42:49,609 [INFO] Klik: Manuální ovládání
2025-07-17 13:42:49,616 [INFO] Kliknutí na manuální řízení
2025-07-17 13:43:46,571 [INFO] Zavírám sériový port CNC
2025-07-17 13:46:32,274 [INFO] Aplikace spuštěna
2025-07-17 13:46:32,275 [INFO] Zobrazení domovské obrazovky
2025-07-17 13:46:34,774 [INFO] Klik: Manuální ovládání
2025-07-17 13:46:34,779 [INFO] Kliknutí na manuální řízení
2025-07-17 13:47:44,316 [INFO] Aplikace spuštěna
2025-07-17 13:47:44,316 [INFO] Zobrazení domovské obrazovky
2025-07-17 13:47:47,255 [INFO] Klik: Manuální ovládání
2025-07-17 13:47:47,261 [INFO] Kliknutí na manuální řízení
2025-07-17 13:49:51,804 [INFO] Aplikace spuštěna
2025-07-17 13:49:51,805 [INFO] Zobrazení domovské obrazovky
2025-07-17 13:49:55,647 [INFO] Klik: Manuální ovládání
2025-07-17 13:49:55,653 [INFO] Kliknutí na manuální řízení
2025-07-17 13:51:22,160 [INFO] Aplikace spuštěna
2025-07-17 13:51:22,161 [INFO] Zobrazení domovské obrazovky
2025-07-17 13:51:30,759 [INFO] Klik: Manuální ovládání
2025-07-17 13:51:30,766 [INFO] Kliknutí na manuální řízení
2025-07-17 13:51:56,203 [INFO] Zobrazení domovské obrazovky
2025-07-17 13:51:58,110 [INFO] Klik: Manuální ovládání
2025-07-17 13:51:58,115 [INFO] Kliknutí na manuální řízení
2025-07-17 13:52:01,762 [INFO] Zavírám sériový port CNC
2025-07-17 13:54:59,993 [INFO] Aplikace spuštěna
2025-07-17 13:54:59,994 [INFO] Zobrazení domovské obrazovky
2025-07-17 13:55:02,003 [INFO] Klik: Manuální ovládání
2025-07-17 13:55:02,009 [INFO] Kliknutí na manuální řízení
2025-07-17 13:55:08,126 [INFO] Zobrazení domovské obrazovky
2025-07-17 13:55:10,084 [INFO] Klik: Manuální ovládání
2025-07-17 13:55:10,091 [INFO] Kliknutí na manuální řízení
2025-07-17 13:56:24,930 [INFO] Aplikace spuštěna
2025-07-17 13:56:24,930 [INFO] Zobrazení domovské obrazovky
2025-07-17 13:56:26,675 [INFO] Klik: Manuální ovládání
2025-07-17 13:56:26,681 [INFO] Kliknutí na manuální řízení
2025-07-17 13:56:29,976 [INFO] Zobrazení domovské obrazovky
2025-07-17 13:56:43,945 [INFO] Zavírám sériový port CNC
2025-07-17 13:59:11,395 [INFO] Aplikace spuštěna
2025-07-17 13:59:11,396 [INFO] Zobrazení domovské obrazovky
2025-07-17 13:59:14,278 [INFO] Klik: Manuální ovládání
2025-07-17 13:59:14,284 [INFO] Kliknutí na manuální řízení
2025-07-17 13:59:24,882 [INFO] Zobrazení domovské obrazovky
2025-07-17 13:59:26,819 [INFO] Klik: Manuální ovládání
2025-07-17 13:59:26,826 [INFO] Kliknutí na manuální řízení
2025-07-17 13:59:30,461 [INFO] Zobrazení domovské obrazovky
2025-07-17 13:59:31,838 [INFO] Klik: Manuální ovládání
2025-07-17 13:59:31,847 [INFO] Kliknutí na manuální řízení
2025-07-17 13:59:34,679 [INFO] Zobrazení domovské obrazovky
2025-07-17 13:59:38,099 [INFO] Klik: Manuální ovládání
2025-07-17 13:59:38,105 [INFO] Kliknutí na manuální řízení
2025-07-17 14:00:08,326 [INFO] Zavírám sériový port CNC
